INFO:     Will watch for changes in these directories: ['/Users/abdallahabdelrhimantar/Desktop/bizify']
INFO:     Uvicorn running on http://0.0.0.0:8000 (Press CTRL+C to quit)
INFO:     Started reloader process [91360] using WatchFiles
INFO:     Started server process [91371]
INFO:     Waiting for application startup.
INFO:     Application startup complete.
INFO:     127.0.0.1:49257 - "POST /api/v1/notifications/test-notify HTTP/1.1" 401 Unauthorized
INFO:     127.0.0.1:49276 - "GET /api/v1/notifications/stream HTTP/1.1" 200 OK
INFO:     127.0.0.1:49282 - "POST /api/v1/notifications/test-notify HTTP/1.1" 500 Internal Server Error
ERROR:    Exception in ASGI application
Traceback (most recent call last):
  File "/Users/abdallahabdelrhimantar/Desktop/bizify/.venv/lib/python3.12/site-packages/sqlalchemy/engine/base.py", line 1967, in _exec_single_context
    self.dialect.do_execute(
  File "/Users/abdallahabdelrhimantar/Desktop/bizify/.venv/lib/python3.12/site-packages/sqlalchemy/engine/default.py", line 952, in do_execute
    cursor.execute(statement, parameters)
sqlite3.IntegrityError: NOT NULL constraint failed: notifications.message

The above exception was the direct cause of the following exception:

Traceback (most recent call last):
  File "/Users/abdallahabdelrhimantar/Desktop/bizify/.venv/lib/python3.12/site-packages/uvicorn/protocols/http/httptools_impl.py", line 416, in run_asgi
    result = await app(  # type: ignore[func-returns-value]
             ^^^^^^^^^^^^^^^^^^^^^^^^^^^^^^^^^^^^^^^^^^^^^^
  File "/Users/abdallahabdelrhimantar/Desktop/bizify/.venv/lib/python3.12/site-packages/uvicorn/middleware/proxy_headers.py", line 60, in __call__
    return await self.app(scope, receive, send)
           ^^^^^^^^^^^^^^^^^^^^^^^^^^^^^^^^^^^^
  File "/Users/abdallahabdelrhimantar/Desktop/bizify/.venv/lib/python3.12/site-packages/fastapi/applications.py", line 1160, in __call__
    await super().__call__(scope, receive, send)
  File "/Users/abdallahabdelrhimantar/Desktop/bizify/.venv/lib/python3.12/site-packages/starlette/applications.py", line 107, in __call__
    await self.middleware_stack(scope, receive, send)
  File "/Users/abdallahabdelrhimantar/Desktop/bizify/.venv/lib/python3.12/site-packages/starlette/middleware/errors.py", line 186, in __call__
    raise exc
  File "/Users/abdallahabdelrhimantar/Desktop/bizify/.venv/lib/python3.12/site-packages/starlette/middleware/errors.py", line 164, in __call__
    await self.app(scope, receive, _send)
  File "/Users/abdallahabdelrhimantar/Desktop/bizify/.venv/lib/python3.12/site-packages/starlette/middleware/exceptions.py", line 63, in __call__
    await wrap_app_handling_exceptions(self.app, conn)(scope, receive, send)
  File "/Users/abdallahabdelrhimantar/Desktop/bizify/.venv/lib/python3.12/site-packages/starlette/_exception_handler.py", line 53, in wrapped_app
    raise exc
  File "/Users/abdallahabdelrhimantar/Desktop/bizify/.venv/lib/python3.12/site-packages/starlette/_exception_handler.py", line 42, in wrapped_app
    await app(scope, receive, sender)
  File "/Users/abdallahabdelrhimantar/Desktop/bizify/.venv/lib/python3.12/site-packages/fastapi/middleware/asyncexitstack.py", line 18, in __call__
    await self.app(scope, receive, send)
  File "/Users/abdallahabdelrhimantar/Desktop/bizify/.venv/lib/python3.12/site-packages/starlette/routing.py", line 716, in __call__
    await self.middleware_stack(scope, receive, send)
  File "/Users/abdallahabdelrhimantar/Desktop/bizify/.venv/lib/python3.12/site-packages/starlette/routing.py", line 736, in app
    await route.handle(scope, receive, send)
  File "/Users/abdallahabdelrhimantar/Desktop/bizify/.venv/lib/python3.12/site-packages/starlette/routing.py", line 290, in handle
    await self.app(scope, receive, send)
  File "/Users/abdallahabdelrhimantar/Desktop/bizify/.venv/lib/python3.12/site-packages/fastapi/routing.py", line 130, in app
    await wrap_app_handling_exceptions(app, request)(scope, receive, send)
  File "/Users/abdallahabdelrhimantar/Desktop/bizify/.venv/lib/python3.12/site-packages/starlette/_exception_handler.py", line 53, in wrapped_app
    raise exc
  File "/Users/abdallahabdelrhimantar/Desktop/bizify/.venv/lib/python3.12/site-packages/starlette/_exception_handler.py", line 42, in wrapped_app
    await app(scope, receive, sender)
  File "/Users/abdallahabdelrhimantar/Desktop/bizify/.venv/lib/python3.12/site-packages/fastapi/routing.py", line 116, in app
    response = await f(request)
               ^^^^^^^^^^^^^^^^
  File "/Users/abdallahabdelrhimantar/Desktop/bizify/.venv/lib/python3.12/site-packages/fastapi/routing.py", line 670, in app
    raw_response = await run_endpoint_function(
                   ^^^^^^^^^^^^^^^^^^^^^^^^^^^^
  File "/Users/abdallahabdelrhimantar/Desktop/bizify/.venv/lib/python3.12/site-packages/fastapi/routing.py", line 324, in run_endpoint_function
    return await dependant.call(**values)
           ^^^^^^^^^^^^^^^^^^^^^^^^^^^^^^
  File "/Users/abdallahabdelrhimantar/Desktop/bizify/app/api/v1/notifications.py", line 151, in send_test_notification
    await NotificationService.notify_user(
  File "/Users/abdallahabdelrhimantar/Desktop/bizify/app/services/notification_service.py", line 123, in notify_user
    db.commit()
  File "/Users/abdallahabdelrhimantar/Desktop/bizify/.venv/lib/python3.12/site-packages/sqlalchemy/orm/session.py", line 2030, in commit
    trans.commit(_to_root=True)
  File "<string>", line 2, in commit
  File "/Users/abdallahabdelrhimantar/Desktop/bizify/.venv/lib/python3.12/site-packages/sqlalchemy/orm/state_changes.py", line 137, in _go
    ret_value = fn(self, *arg, **kw)
                ^^^^^^^^^^^^^^^^^^^^
  File "/Users/abdallahabdelrhimantar/Desktop/bizify/.venv/lib/python3.12/site-packages/sqlalchemy/orm/session.py", line 1311, in commit
    self._prepare_impl()
  File "<string>", line 2, in _prepare_impl
  File "/Users/abdallahabdelrhimantar/Desktop/bizify/.venv/lib/python3.12/site-packages/sqlalchemy/orm/state_changes.py", line 137, in _go
    ret_value = fn(self, *arg, **kw)
                ^^^^^^^^^^^^^^^^^^^^
  File "/Users/abdallahabdelrhimantar/Desktop/bizify/.venv/lib/python3.12/site-packages/sqlalchemy/orm/session.py", line 1286, in _prepare_impl
    self.session.flush()
  File "/Users/abdallahabdelrhimantar/Desktop/bizify/.venv/lib/python3.12/site-packages/sqlalchemy/orm/session.py", line 4331, in flush
    self._flush(objects)
  File "/Users/abdallahabdelrhimantar/Desktop/bizify/.venv/lib/python3.12/site-packages/sqlalchemy/orm/session.py", line 4466, in _flush
    with util.safe_reraise():
         ^^^^^^^^^^^^^^^^^^^
  File "/Users/abdallahabdelrhimantar/Desktop/bizify/.venv/lib/python3.12/site-packages/sqlalchemy/util/langhelpers.py", line 121, in __exit__
    raise exc_value.with_traceback(exc_tb)
  File "/Users/abdallahabdelrhimantar/Desktop/bizify/.venv/lib/python3.12/site-packages/sqlalchemy/orm/session.py", line 4427, in _flush
    flush_context.execute()
  File "/Users/abdallahabdelrhimantar/Desktop/bizify/.venv/lib/python3.12/site-packages/sqlalchemy/orm/unitofwork.py", line 466, in execute
    rec.execute(self)
  File "/Users/abdallahabdelrhimantar/Desktop/bizify/.venv/lib/python3.12/site-packages/sqlalchemy/orm/unitofwork.py", line 642, in execute
    util.preloaded.orm_persistence.save_obj(
  File "/Users/abdallahabdelrhimantar/Desktop/bizify/.venv/lib/python3.12/site-packages/sqlalchemy/orm/persistence.py", line 93, in save_obj
    _emit_insert_statements(
  File "/Users/abdallahabdelrhimantar/Desktop/bizify/.venv/lib/python3.12/site-packages/sqlalchemy/orm/persistence.py", line 1233, in _emit_insert_statements
    result = connection.execute(
             ^^^^^^^^^^^^^^^^^^^
  File "/Users/abdallahabdelrhimantar/Desktop/bizify/.venv/lib/python3.12/site-packages/sqlalchemy/engine/base.py", line 1419, in execute
    return meth(
           ^^^^^
  File "/Users/abdallahabdelrhimantar/Desktop/bizify/.venv/lib/python3.12/site-packages/sqlalchemy/sql/elements.py", line 527, in _execute_on_connection
    return connection._execute_clauseelement(
           ^^^^^^^^^^^^^^^^^^^^^^^^^^^^^^^^^^
  File "/Users/abdallahabdelrhimantar/Desktop/bizify/.venv/lib/python3.12/site-packages/sqlalchemy/engine/base.py", line 1641, in _execute_clauseelement
    ret = self._execute_context(
          ^^^^^^^^^^^^^^^^^^^^^^
  File "/Users/abdallahabdelrhimantar/Desktop/bizify/.venv/lib/python3.12/site-packages/sqlalchemy/engine/base.py", line 1846, in _execute_context
    return self._exec_single_context(
           ^^^^^^^^^^^^^^^^^^^^^^^^^^
  File "/Users/abdallahabdelrhimantar/Desktop/bizify/.venv/lib/python3.12/site-packages/sqlalchemy/engine/base.py", line 1986, in _exec_single_context
    self._handle_dbapi_exception(
  File "/Users/abdallahabdelrhimantar/Desktop/bizify/.venv/lib/python3.12/site-packages/sqlalchemy/engine/base.py", line 2363, in _handle_dbapi_exception
    raise sqlalchemy_exception.with_traceback(exc_info[2]) from e
  File "/Users/abdallahabdelrhimantar/Desktop/bizify/.venv/lib/python3.12/site-packages/sqlalchemy/engine/base.py", line 1967, in _exec_single_context
    self.dialect.do_execute(
  File "/Users/abdallahabdelrhimantar/Desktop/bizify/.venv/lib/python3.12/site-packages/sqlalchemy/engine/default.py", line 952, in do_execute
    cursor.execute(statement, parameters)
sqlalchemy.exc.IntegrityError: (sqlite3.IntegrityError) NOT NULL constraint failed: notifications.message
[SQL: INSERT INTO notifications (id, user_id, title, content, type, status, delivery_status, retry_count, expires_at, created_at) VALUES (?, ?, ?, ?, ?, ?, ?, ?, ?, ?)]
[parameters: ('611aac673290475dbe0b35a7f5469673', '062a50bfea48432bb0c7fe428d3ef082', 'Test Notification', 'This is a real-time test notification from Bizify!', 'general', 'UNREAD', 'PENDING', 0, None, '2026-03-18 16:16:20.633771')]
(Background on this error at: https://sqlalche.me/e/20/gkpj)
INFO:     127.0.0.1:49284 - "POST /api/v1/notifications/test-notify HTTP/1.1" 500 Internal Server Error
ERROR:    Exception in ASGI application
Traceback (most recent call last):
  File "/Users/abdallahabdelrhimantar/Desktop/bizify/.venv/lib/python3.12/site-packages/sqlalchemy/engine/base.py", line 1967, in _exec_single_context
    self.dialect.do_execute(
  File "/Users/abdallahabdelrhimantar/Desktop/bizify/.venv/lib/python3.12/site-packages/sqlalchemy/engine/default.py", line 952, in do_execute
    cursor.execute(statement, parameters)
sqlite3.IntegrityError: NOT NULL constraint failed: notifications.message

The above exception was the direct cause of the following exception:

Traceback (most recent call last):
  File "/Users/abdallahabdelrhimantar/Desktop/bizify/.venv/lib/python3.12/site-packages/uvicorn/protocols/http/httptools_impl.py", line 416, in run_asgi
    result = await app(  # type: ignore[func-returns-value]
             ^^^^^^^^^^^^^^^^^^^^^^^^^^^^^^^^^^^^^^^^^^^^^^
  File "/Users/abdallahabdelrhimantar/Desktop/bizify/.venv/lib/python3.12/site-packages/uvicorn/middleware/proxy_headers.py", line 60, in __call__
    return await self.app(scope, receive, send)
           ^^^^^^^^^^^^^^^^^^^^^^^^^^^^^^^^^^^^
  File "/Users/abdallahabdelrhimantar/Desktop/bizify/.venv/lib/python3.12/site-packages/fastapi/applications.py", line 1160, in __call__
    await super().__call__(scope, receive, send)
  File "/Users/abdallahabdelrhimantar/Desktop/bizify/.venv/lib/python3.12/site-packages/starlette/applications.py", line 107, in __call__
    await self.middleware_stack(scope, receive, send)
  File "/Users/abdallahabdelrhimantar/Desktop/bizify/.venv/lib/python3.12/site-packages/starlette/middleware/errors.py", line 186, in __call__
    raise exc
  File "/Users/abdallahabdelrhimantar/Desktop/bizify/.venv/lib/python3.12/site-packages/starlette/middleware/errors.py", line 164, in __call__
    await self.app(scope, receive, _send)
  File "/Users/abdallahabdelrhimantar/Desktop/bizify/.venv/lib/python3.12/site-packages/starlette/middleware/exceptions.py", line 63, in __call__
    await wrap_app_handling_exceptions(self.app, conn)(scope, receive, send)
  File "/Users/abdallahabdelrhimantar/Desktop/bizify/.venv/lib/python3.12/site-packages/starlette/_exception_handler.py", line 53, in wrapped_app
    raise exc
  File "/Users/abdallahabdelrhimantar/Desktop/bizify/.venv/lib/python3.12/site-packages/starlette/_exception_handler.py", line 42, in wrapped_app
    await app(scope, receive, sender)
  File "/Users/abdallahabdelrhimantar/Desktop/bizify/.venv/lib/python3.12/site-packages/fastapi/middleware/asyncexitstack.py", line 18, in __call__
    await self.app(scope, receive, send)
  File "/Users/abdallahabdelrhimantar/Desktop/bizify/.venv/lib/python3.12/site-packages/starlette/routing.py", line 716, in __call__
    await self.middleware_stack(scope, receive, send)
  File "/Users/abdallahabdelrhimantar/Desktop/bizify/.venv/lib/python3.12/site-packages/starlette/routing.py", line 736, in app
    await route.handle(scope, receive, send)
  File "/Users/abdallahabdelrhimantar/Desktop/bizify/.venv/lib/python3.12/site-packages/starlette/routing.py", line 290, in handle
    await self.app(scope, receive, send)
  File "/Users/abdallahabdelrhimantar/Desktop/bizify/.venv/lib/python3.12/site-packages/fastapi/routing.py", line 130, in app
    await wrap_app_handling_exceptions(app, request)(scope, receive, send)
  File "/Users/abdallahabdelrhimantar/Desktop/bizify/.venv/lib/python3.12/site-packages/starlette/_exception_handler.py", line 53, in wrapped_app
    raise exc
  File "/Users/abdallahabdelrhimantar/Desktop/bizify/.venv/lib/python3.12/site-packages/starlette/_exception_handler.py", line 42, in wrapped_app
    await app(scope, receive, sender)
  File "/Users/abdallahabdelrhimantar/Desktop/bizify/.venv/lib/python3.12/site-packages/fastapi/routing.py", line 116, in app
    response = await f(request)
               ^^^^^^^^^^^^^^^^
  File "/Users/abdallahabdelrhimantar/Desktop/bizify/.venv/lib/python3.12/site-packages/fastapi/routing.py", line 670, in app
    raw_response = await run_endpoint_function(
                   ^^^^^^^^^^^^^^^^^^^^^^^^^^^^
  File "/Users/abdallahabdelrhimantar/Desktop/bizify/.venv/lib/python3.12/site-packages/fastapi/routing.py", line 324, in run_endpoint_function
    return await dependant.call(**values)
           ^^^^^^^^^^^^^^^^^^^^^^^^^^^^^^
  File "/Users/abdallahabdelrhimantar/Desktop/bizify/app/api/v1/notifications.py", line 151, in send_test_notification
    await NotificationService.notify_user(
  File "/Users/abdallahabdelrhimantar/Desktop/bizify/app/services/notification_service.py", line 123, in notify_user
    db.commit()
  File "/Users/abdallahabdelrhimantar/Desktop/bizify/.venv/lib/python3.12/site-packages/sqlalchemy/orm/session.py", line 2030, in commit
    trans.commit(_to_root=True)
  File "<string>", line 2, in commit
  File "/Users/abdallahabdelrhimantar/Desktop/bizify/.venv/lib/python3.12/site-packages/sqlalchemy/orm/state_changes.py", line 137, in _go
    ret_value = fn(self, *arg, **kw)
                ^^^^^^^^^^^^^^^^^^^^
  File "/Users/abdallahabdelrhimantar/Desktop/bizify/.venv/lib/python3.12/site-packages/sqlalchemy/orm/session.py", line 1311, in commit
    self._prepare_impl()
  File "<string>", line 2, in _prepare_impl
  File "/Users/abdallahabdelrhimantar/Desktop/bizify/.venv/lib/python3.12/site-packages/sqlalchemy/orm/state_changes.py", line 137, in _go
    ret_value = fn(self, *arg, **kw)
                ^^^^^^^^^^^^^^^^^^^^
  File "/Users/abdallahabdelrhimantar/Desktop/bizify/.venv/lib/python3.12/site-packages/sqlalchemy/orm/session.py", line 1286, in _prepare_impl
    self.session.flush()
  File "/Users/abdallahabdelrhimantar/Desktop/bizify/.venv/lib/python3.12/site-packages/sqlalchemy/orm/session.py", line 4331, in flush
    self._flush(objects)
  File "/Users/abdallahabdelrhimantar/Desktop/bizify/.venv/lib/python3.12/site-packages/sqlalchemy/orm/session.py", line 4466, in _flush
    with util.safe_reraise():
         ^^^^^^^^^^^^^^^^^^^
  File "/Users/abdallahabdelrhimantar/Desktop/bizify/.venv/lib/python3.12/site-packages/sqlalchemy/util/langhelpers.py", line 121, in __exit__
    raise exc_value.with_traceback(exc_tb)
  File "/Users/abdallahabdelrhimantar/Desktop/bizify/.venv/lib/python3.12/site-packages/sqlalchemy/orm/session.py", line 4427, in _flush
    flush_context.execute()
  File "/Users/abdallahabdelrhimantar/Desktop/bizify/.venv/lib/python3.12/site-packages/sqlalchemy/orm/unitofwork.py", line 466, in execute
    rec.execute(self)
  File "/Users/abdallahabdelrhimantar/Desktop/bizify/.venv/lib/python3.12/site-packages/sqlalchemy/orm/unitofwork.py", line 642, in execute
    util.preloaded.orm_persistence.save_obj(
  File "/Users/abdallahabdelrhimantar/Desktop/bizify/.venv/lib/python3.12/site-packages/sqlalchemy/orm/persistence.py", line 93, in save_obj
    _emit_insert_statements(
  File "/Users/abdallahabdelrhimantar/Desktop/bizify/.venv/lib/python3.12/site-packages/sqlalchemy/orm/persistence.py", line 1233, in _emit_insert_statements
    result = connection.execute(
             ^^^^^^^^^^^^^^^^^^^
  File "/Users/abdallahabdelrhimantar/Desktop/bizify/.venv/lib/python3.12/site-packages/sqlalchemy/engine/base.py", line 1419, in execute
    return meth(
           ^^^^^
  File "/Users/abdallahabdelrhimantar/Desktop/bizify/.venv/lib/python3.12/site-packages/sqlalchemy/sql/elements.py", line 527, in _execute_on_connection
    return connection._execute_clauseelement(
           ^^^^^^^^^^^^^^^^^^^^^^^^^^^^^^^^^^
  File "/Users/abdallahabdelrhimantar/Desktop/bizify/.venv/lib/python3.12/site-packages/sqlalchemy/engine/base.py", line 1641, in _execute_clauseelement
    ret = self._execute_context(
          ^^^^^^^^^^^^^^^^^^^^^^
  File "/Users/abdallahabdelrhimantar/Desktop/bizify/.venv/lib/python3.12/site-packages/sqlalchemy/engine/base.py", line 1846, in _execute_context
    return self._exec_single_context(
           ^^^^^^^^^^^^^^^^^^^^^^^^^^
  File "/Users/abdallahabdelrhimantar/Desktop/bizify/.venv/lib/python3.12/site-packages/sqlalchemy/engine/base.py", line 1986, in _exec_single_context
    self._handle_dbapi_exception(
  File "/Users/abdallahabdelrhimantar/Desktop/bizify/.venv/lib/python3.12/site-packages/sqlalchemy/engine/base.py", line 2363, in _handle_dbapi_exception
    raise sqlalchemy_exception.with_traceback(exc_info[2]) from e
  File "/Users/abdallahabdelrhimantar/Desktop/bizify/.venv/lib/python3.12/site-packages/sqlalchemy/engine/base.py", line 1967, in _exec_single_context
    self.dialect.do_execute(
  File "/Users/abdallahabdelrhimantar/Desktop/bizify/.venv/lib/python3.12/site-packages/sqlalchemy/engine/default.py", line 952, in do_execute
    cursor.execute(statement, parameters)
sqlalchemy.exc.IntegrityError: (sqlite3.IntegrityError) NOT NULL constraint failed: notifications.message
[SQL: INSERT INTO notifications (id, user_id, title, content, type, status, delivery_status, retry_count, expires_at, created_at) VALUES (?, ?, ?, ?, ?, ?, ?, ?, ?, ?)]
[parameters: ('b6955e5d22954725aebf6abb4fcb251d', '062a50bfea48432bb0c7fe428d3ef082', 'Test Notification', 'This is a real-time test notification from Bizify!', 'general', 'UNREAD', 'PENDING', 0, None, '2026-03-18 16:16:23.785357')]
(Background on this error at: https://sqlalche.me/e/20/gkpj)
INFO:     127.0.0.1:49285 - "POST /api/v1/notifications/test-notify HTTP/1.1" 500 Internal Server Error
ERROR:    Exception in ASGI application
Traceback (most recent call last):
  File "/Users/abdallahabdelrhimantar/Desktop/bizify/.venv/lib/python3.12/site-packages/sqlalchemy/engine/base.py", line 1967, in _exec_single_context
    self.dialect.do_execute(
  File "/Users/abdallahabdelrhimantar/Desktop/bizify/.venv/lib/python3.12/site-packages/sqlalchemy/engine/default.py", line 952, in do_execute
    cursor.execute(statement, parameters)
sqlite3.IntegrityError: NOT NULL constraint failed: notifications.message

The above exception was the direct cause of the following exception:

Traceback (most recent call last):
  File "/Users/abdallahabdelrhimantar/Desktop/bizify/.venv/lib/python3.12/site-packages/uvicorn/protocols/http/httptools_impl.py", line 416, in run_asgi
    result = await app(  # type: ignore[func-returns-value]
             ^^^^^^^^^^^^^^^^^^^^^^^^^^^^^^^^^^^^^^^^^^^^^^
  File "/Users/abdallahabdelrhimantar/Desktop/bizify/.venv/lib/python3.12/site-packages/uvicorn/middleware/proxy_headers.py", line 60, in __call__
    return await self.app(scope, receive, send)
           ^^^^^^^^^^^^^^^^^^^^^^^^^^^^^^^^^^^^
  File "/Users/abdallahabdelrhimantar/Desktop/bizify/.venv/lib/python3.12/site-packages/fastapi/applications.py", line 1160, in __call__
    await super().__call__(scope, receive, send)
  File "/Users/abdallahabdelrhimantar/Desktop/bizify/.venv/lib/python3.12/site-packages/starlette/applications.py", line 107, in __call__
    await self.middleware_stack(scope, receive, send)
  File "/Users/abdallahabdelrhimantar/Desktop/bizify/.venv/lib/python3.12/site-packages/starlette/middleware/errors.py", line 186, in __call__
    raise exc
  File "/Users/abdallahabdelrhimantar/Desktop/bizify/.venv/lib/python3.12/site-packages/starlette/middleware/errors.py", line 164, in __call__
    await self.app(scope, receive, _send)
  File "/Users/abdallahabdelrhimantar/Desktop/bizify/.venv/lib/python3.12/site-packages/starlette/middleware/exceptions.py", line 63, in __call__
    await wrap_app_handling_exceptions(self.app, conn)(scope, receive, send)
  File "/Users/abdallahabdelrhimantar/Desktop/bizify/.venv/lib/python3.12/site-packages/starlette/_exception_handler.py", line 53, in wrapped_app
    raise exc
  File "/Users/abdallahabdelrhimantar/Desktop/bizify/.venv/lib/python3.12/site-packages/starlette/_exception_handler.py", line 42, in wrapped_app
    await app(scope, receive, sender)
  File "/Users/abdallahabdelrhimantar/Desktop/bizify/.venv/lib/python3.12/site-packages/fastapi/middleware/asyncexitstack.py", line 18, in __call__
    await self.app(scope, receive, send)
  File "/Users/abdallahabdelrhimantar/Desktop/bizify/.venv/lib/python3.12/site-packages/starlette/routing.py", line 716, in __call__
    await self.middleware_stack(scope, receive, send)
  File "/Users/abdallahabdelrhimantar/Desktop/bizify/.venv/lib/python3.12/site-packages/starlette/routing.py", line 736, in app
    await route.handle(scope, receive, send)
  File "/Users/abdallahabdelrhimantar/Desktop/bizify/.venv/lib/python3.12/site-packages/starlette/routing.py", line 290, in handle
    await self.app(scope, receive, send)
  File "/Users/abdallahabdelrhimantar/Desktop/bizify/.venv/lib/python3.12/site-packages/fastapi/routing.py", line 130, in app
    await wrap_app_handling_exceptions(app, request)(scope, receive, send)
  File "/Users/abdallahabdelrhimantar/Desktop/bizify/.venv/lib/python3.12/site-packages/starlette/_exception_handler.py", line 53, in wrapped_app
    raise exc
  File "/Users/abdallahabdelrhimantar/Desktop/bizify/.venv/lib/python3.12/site-packages/starlette/_exception_handler.py", line 42, in wrapped_app
    await app(scope, receive, sender)
  File "/Users/abdallahabdelrhimantar/Desktop/bizify/.venv/lib/python3.12/site-packages/fastapi/routing.py", line 116, in app
    response = await f(request)
               ^^^^^^^^^^^^^^^^
  File "/Users/abdallahabdelrhimantar/Desktop/bizify/.venv/lib/python3.12/site-packages/fastapi/routing.py", line 670, in app
    raw_response = await run_endpoint_function(
                   ^^^^^^^^^^^^^^^^^^^^^^^^^^^^
  File "/Users/abdallahabdelrhimantar/Desktop/bizify/.venv/lib/python3.12/site-packages/fastapi/routing.py", line 324, in run_endpoint_function
    return await dependant.call(**values)
           ^^^^^^^^^^^^^^^^^^^^^^^^^^^^^^
  File "/Users/abdallahabdelrhimantar/Desktop/bizify/app/api/v1/notifications.py", line 151, in send_test_notification
    await NotificationService.notify_user(
  File "/Users/abdallahabdelrhimantar/Desktop/bizify/app/services/notification_service.py", line 123, in notify_user
    db.commit()
  File "/Users/abdallahabdelrhimantar/Desktop/bizify/.venv/lib/python3.12/site-packages/sqlalchemy/orm/session.py", line 2030, in commit
    trans.commit(_to_root=True)
  File "<string>", line 2, in commit
  File "/Users/abdallahabdelrhimantar/Desktop/bizify/.venv/lib/python3.12/site-packages/sqlalchemy/orm/state_changes.py", line 137, in _go
    ret_value = fn(self, *arg, **kw)
                ^^^^^^^^^^^^^^^^^^^^
  File "/Users/abdallahabdelrhimantar/Desktop/bizify/.venv/lib/python3.12/site-packages/sqlalchemy/orm/session.py", line 1311, in commit
    self._prepare_impl()
  File "<string>", line 2, in _prepare_impl
  File "/Users/abdallahabdelrhimantar/Desktop/bizify/.venv/lib/python3.12/site-packages/sqlalchemy/orm/state_changes.py", line 137, in _go
    ret_value = fn(self, *arg, **kw)
                ^^^^^^^^^^^^^^^^^^^^
  File "/Users/abdallahabdelrhimantar/Desktop/bizify/.venv/lib/python3.12/site-packages/sqlalchemy/orm/session.py", line 1286, in _prepare_impl
    self.session.flush()
  File "/Users/abdallahabdelrhimantar/Desktop/bizify/.venv/lib/python3.12/site-packages/sqlalchemy/orm/session.py", line 4331, in flush
    self._flush(objects)
  File "/Users/abdallahabdelrhimantar/Desktop/bizify/.venv/lib/python3.12/site-packages/sqlalchemy/orm/session.py", line 4466, in _flush
    with util.safe_reraise():
         ^^^^^^^^^^^^^^^^^^^
  File "/Users/abdallahabdelrhimantar/Desktop/bizify/.venv/lib/python3.12/site-packages/sqlalchemy/util/langhelpers.py", line 121, in __exit__
    raise exc_value.with_traceback(exc_tb)
  File "/Users/abdallahabdelrhimantar/Desktop/bizify/.venv/lib/python3.12/site-packages/sqlalchemy/orm/session.py", line 4427, in _flush
    flush_context.execute()
  File "/Users/abdallahabdelrhimantar/Desktop/bizify/.venv/lib/python3.12/site-packages/sqlalchemy/orm/unitofwork.py", line 466, in execute
    rec.execute(self)
  File "/Users/abdallahabdelrhimantar/Desktop/bizify/.venv/lib/python3.12/site-packages/sqlalchemy/orm/unitofwork.py", line 642, in execute
    util.preloaded.orm_persistence.save_obj(
  File "/Users/abdallahabdelrhimantar/Desktop/bizify/.venv/lib/python3.12/site-packages/sqlalchemy/orm/persistence.py", line 93, in save_obj
    _emit_insert_statements(
  File "/Users/abdallahabdelrhimantar/Desktop/bizify/.venv/lib/python3.12/site-packages/sqlalchemy/orm/persistence.py", line 1233, in _emit_insert_statements
    result = connection.execute(
             ^^^^^^^^^^^^^^^^^^^
  File "/Users/abdallahabdelrhimantar/Desktop/bizify/.venv/lib/python3.12/site-packages/sqlalchemy/engine/base.py", line 1419, in execute
    return meth(
           ^^^^^
  File "/Users/abdallahabdelrhimantar/Desktop/bizify/.venv/lib/python3.12/site-packages/sqlalchemy/sql/elements.py", line 527, in _execute_on_connection
    return connection._execute_clauseelement(
           ^^^^^^^^^^^^^^^^^^^^^^^^^^^^^^^^^^
  File "/Users/abdallahabdelrhimantar/Desktop/bizify/.venv/lib/python3.12/site-packages/sqlalchemy/engine/base.py", line 1641, in _execute_clauseelement
    ret = self._execute_context(
          ^^^^^^^^^^^^^^^^^^^^^^
  File "/Users/abdallahabdelrhimantar/Desktop/bizify/.venv/lib/python3.12/site-packages/sqlalchemy/engine/base.py", line 1846, in _execute_context
    return self._exec_single_context(
           ^^^^^^^^^^^^^^^^^^^^^^^^^^
  File "/Users/abdallahabdelrhimantar/Desktop/bizify/.venv/lib/python3.12/site-packages/sqlalchemy/engine/base.py", line 1986, in _exec_single_context
    self._handle_dbapi_exception(
  File "/Users/abdallahabdelrhimantar/Desktop/bizify/.venv/lib/python3.12/site-packages/sqlalchemy/engine/base.py", line 2363, in _handle_dbapi_exception
    raise sqlalchemy_exception.with_traceback(exc_info[2]) from e
  File "/Users/abdallahabdelrhimantar/Desktop/bizify/.venv/lib/python3.12/site-packages/sqlalchemy/engine/base.py", line 1967, in _exec_single_context
    self.dialect.do_execute(
  File "/Users/abdallahabdelrhimantar/Desktop/bizify/.venv/lib/python3.12/site-packages/sqlalchemy/engine/default.py", line 952, in do_execute
    cursor.execute(statement, parameters)
sqlalchemy.exc.IntegrityError: (sqlite3.IntegrityError) NOT NULL constraint failed: notifications.message
[SQL: INSERT INTO notifications (id, user_id, title, content, type, status, delivery_status, retry_count, expires_at, created_at) VALUES (?, ?, ?, ?, ?, ?, ?, ?, ?, ?)]
[parameters: ('230df2edc1a84439a6f82550b18d5967', '062a50bfea48432bb0c7fe428d3ef082', 'Test Notification', 'This is a real-time test notification from Bizify!', 'general', 'UNREAD', 'PENDING', 0, None, '2026-03-18 16:16:24.164164')]
(Background on this error at: https://sqlalche.me/e/20/gkpj)
INFO:     127.0.0.1:49286 - "GET /docs HTTP/1.1" 200 OK
INFO:     127.0.0.1:49286 - "GET /openapi.json HTTP/1.1" 200 OK
INFO:     127.0.0.1:49291 - "POST /api/v1/auth/login HTTP/1.1" 200 OK
WARNING:  WatchFiles detected changes in 'app/services/notification_service.py'. Reloading...
INFO:     Shutting down
INFO:     Waiting for application shutdown.
INFO:     Application shutdown complete.
INFO:     Finished server process [91371]
INFO:     Started server process [91913]
INFO:     Waiting for application startup.
INFO:     Application startup complete.
INFO:     127.0.0.1:49295 - "POST /api/v1/notifications/test-notify HTTP/1.1" 500 Internal Server Error
ERROR:    Exception in ASGI application
Traceback (most recent call last):
  File "/Users/abdallahabdelrhimantar/Desktop/bizify/.venv/lib/python3.12/site-packages/sqlalchemy/engine/base.py", line 1967, in _exec_single_context
    self.dialect.do_execute(
  File "/Users/abdallahabdelrhimantar/Desktop/bizify/.venv/lib/python3.12/site-packages/sqlalchemy/engine/default.py", line 952, in do_execute
    cursor.execute(statement, parameters)
sqlite3.IntegrityError: NOT NULL constraint failed: notifications.message

The above exception was the direct cause of the following exception:

Traceback (most recent call last):
  File "/Users/abdallahabdelrhimantar/Desktop/bizify/.venv/lib/python3.12/site-packages/uvicorn/protocols/http/httptools_impl.py", line 416, in run_asgi
    result = await app(  # type: ignore[func-returns-value]
             ^^^^^^^^^^^^^^^^^^^^^^^^^^^^^^^^^^^^^^^^^^^^^^
  File "/Users/abdallahabdelrhimantar/Desktop/bizify/.venv/lib/python3.12/site-packages/uvicorn/middleware/proxy_headers.py", line 60, in __call__
    return await self.app(scope, receive, send)
           ^^^^^^^^^^^^^^^^^^^^^^^^^^^^^^^^^^^^
  File "/Users/abdallahabdelrhimantar/Desktop/bizify/.venv/lib/python3.12/site-packages/fastapi/applications.py", line 1160, in __call__
    await super().__call__(scope, receive, send)
  File "/Users/abdallahabdelrhimantar/Desktop/bizify/.venv/lib/python3.12/site-packages/starlette/applications.py", line 107, in __call__
    await self.middleware_stack(scope, receive, send)
  File "/Users/abdallahabdelrhimantar/Desktop/bizify/.venv/lib/python3.12/site-packages/starlette/middleware/errors.py", line 186, in __call__
    raise exc
  File "/Users/abdallahabdelrhimantar/Desktop/bizify/.venv/lib/python3.12/site-packages/starlette/middleware/errors.py", line 164, in __call__
    await self.app(scope, receive, _send)
  File "/Users/abdallahabdelrhimantar/Desktop/bizify/.venv/lib/python3.12/site-packages/starlette/middleware/exceptions.py", line 63, in __call__
    await wrap_app_handling_exceptions(self.app, conn)(scope, receive, send)
  File "/Users/abdallahabdelrhimantar/Desktop/bizify/.venv/lib/python3.12/site-packages/starlette/_exception_handler.py", line 53, in wrapped_app
    raise exc
  File "/Users/abdallahabdelrhimantar/Desktop/bizify/.venv/lib/python3.12/site-packages/starlette/_exception_handler.py", line 42, in wrapped_app
    await app(scope, receive, sender)
  File "/Users/abdallahabdelrhimantar/Desktop/bizify/.venv/lib/python3.12/site-packages/fastapi/middleware/asyncexitstack.py", line 18, in __call__
    await self.app(scope, receive, send)
  File "/Users/abdallahabdelrhimantar/Desktop/bizify/.venv/lib/python3.12/site-packages/starlette/routing.py", line 716, in __call__
    await self.middleware_stack(scope, receive, send)
  File "/Users/abdallahabdelrhimantar/Desktop/bizify/.venv/lib/python3.12/site-packages/starlette/routing.py", line 736, in app
    await route.handle(scope, receive, send)
  File "/Users/abdallahabdelrhimantar/Desktop/bizify/.venv/lib/python3.12/site-packages/starlette/routing.py", line 290, in handle
    await self.app(scope, receive, send)
  File "/Users/abdallahabdelrhimantar/Desktop/bizify/.venv/lib/python3.12/site-packages/fastapi/routing.py", line 130, in app
    await wrap_app_handling_exceptions(app, request)(scope, receive, send)
  File "/Users/abdallahabdelrhimantar/Desktop/bizify/.venv/lib/python3.12/site-packages/starlette/_exception_handler.py", line 53, in wrapped_app
    raise exc
  File "/Users/abdallahabdelrhimantar/Desktop/bizify/.venv/lib/python3.12/site-packages/starlette/_exception_handler.py", line 42, in wrapped_app
    await app(scope, receive, sender)
  File "/Users/abdallahabdelrhimantar/Desktop/bizify/.venv/lib/python3.12/site-packages/fastapi/routing.py", line 116, in app
    response = await f(request)
               ^^^^^^^^^^^^^^^^
  File "/Users/abdallahabdelrhimantar/Desktop/bizify/.venv/lib/python3.12/site-packages/fastapi/routing.py", line 670, in app
    raw_response = await run_endpoint_function(
                   ^^^^^^^^^^^^^^^^^^^^^^^^^^^^
  File "/Users/abdallahabdelrhimantar/Desktop/bizify/.venv/lib/python3.12/site-packages/fastapi/routing.py", line 324, in run_endpoint_function
    return await dependant.call(**values)
           ^^^^^^^^^^^^^^^^^^^^^^^^^^^^^^
  File "/Users/abdallahabdelrhimantar/Desktop/bizify/app/api/v1/notifications.py", line 151, in send_test_notification
    await NotificationService.notify_user(
  File "/Users/abdallahabdelrhimantar/Desktop/bizify/app/services/notification_service.py", line 123, in notify_user
    db.commit()
  File "/Users/abdallahabdelrhimantar/Desktop/bizify/.venv/lib/python3.12/site-packages/sqlalchemy/orm/session.py", line 2030, in commit
    trans.commit(_to_root=True)
  File "<string>", line 2, in commit
  File "/Users/abdallahabdelrhimantar/Desktop/bizify/.venv/lib/python3.12/site-packages/sqlalchemy/orm/state_changes.py", line 137, in _go
    ret_value = fn(self, *arg, **kw)
                ^^^^^^^^^^^^^^^^^^^^
  File "/Users/abdallahabdelrhimantar/Desktop/bizify/.venv/lib/python3.12/site-packages/sqlalchemy/orm/session.py", line 1311, in commit
    self._prepare_impl()
  File "<string>", line 2, in _prepare_impl
  File "/Users/abdallahabdelrhimantar/Desktop/bizify/.venv/lib/python3.12/site-packages/sqlalchemy/orm/state_changes.py", line 137, in _go
    ret_value = fn(self, *arg, **kw)
                ^^^^^^^^^^^^^^^^^^^^
  File "/Users/abdallahabdelrhimantar/Desktop/bizify/.venv/lib/python3.12/site-packages/sqlalchemy/orm/session.py", line 1286, in _prepare_impl
    self.session.flush()
  File "/Users/abdallahabdelrhimantar/Desktop/bizify/.venv/lib/python3.12/site-packages/sqlalchemy/orm/session.py", line 4331, in flush
    self._flush(objects)
  File "/Users/abdallahabdelrhimantar/Desktop/bizify/.venv/lib/python3.12/site-packages/sqlalchemy/orm/session.py", line 4466, in _flush
    with util.safe_reraise():
         ^^^^^^^^^^^^^^^^^^^
  File "/Users/abdallahabdelrhimantar/Desktop/bizify/.venv/lib/python3.12/site-packages/sqlalchemy/util/langhelpers.py", line 121, in __exit__
    raise exc_value.with_traceback(exc_tb)
  File "/Users/abdallahabdelrhimantar/Desktop/bizify/.venv/lib/python3.12/site-packages/sqlalchemy/orm/session.py", line 4427, in _flush
    flush_context.execute()
  File "/Users/abdallahabdelrhimantar/Desktop/bizify/.venv/lib/python3.12/site-packages/sqlalchemy/orm/unitofwork.py", line 466, in execute
    rec.execute(self)
  File "/Users/abdallahabdelrhimantar/Desktop/bizify/.venv/lib/python3.12/site-packages/sqlalchemy/orm/unitofwork.py", line 642, in execute
    util.preloaded.orm_persistence.save_obj(
  File "/Users/abdallahabdelrhimantar/Desktop/bizify/.venv/lib/python3.12/site-packages/sqlalchemy/orm/persistence.py", line 93, in save_obj
    _emit_insert_statements(
  File "/Users/abdallahabdelrhimantar/Desktop/bizify/.venv/lib/python3.12/site-packages/sqlalchemy/orm/persistence.py", line 1233, in _emit_insert_statements
    result = connection.execute(
             ^^^^^^^^^^^^^^^^^^^
  File "/Users/abdallahabdelrhimantar/Desktop/bizify/.venv/lib/python3.12/site-packages/sqlalchemy/engine/base.py", line 1419, in execute
    return meth(
           ^^^^^
  File "/Users/abdallahabdelrhimantar/Desktop/bizify/.venv/lib/python3.12/site-packages/sqlalchemy/sql/elements.py", line 527, in _execute_on_connection
    return connection._execute_clauseelement(
           ^^^^^^^^^^^^^^^^^^^^^^^^^^^^^^^^^^
  File "/Users/abdallahabdelrhimantar/Desktop/bizify/.venv/lib/python3.12/site-packages/sqlalchemy/engine/base.py", line 1641, in _execute_clauseelement
    ret = self._execute_context(
          ^^^^^^^^^^^^^^^^^^^^^^
  File "/Users/abdallahabdelrhimantar/Desktop/bizify/.venv/lib/python3.12/site-packages/sqlalchemy/engine/base.py", line 1846, in _execute_context
    return self._exec_single_context(
           ^^^^^^^^^^^^^^^^^^^^^^^^^^
  File "/Users/abdallahabdelrhimantar/Desktop/bizify/.venv/lib/python3.12/site-packages/sqlalchemy/engine/base.py", line 1986, in _exec_single_context
    self._handle_dbapi_exception(
  File "/Users/abdallahabdelrhimantar/Desktop/bizify/.venv/lib/python3.12/site-packages/sqlalchemy/engine/base.py", line 2363, in _handle_dbapi_exception
    raise sqlalchemy_exception.with_traceback(exc_info[2]) from e
  File "/Users/abdallahabdelrhimantar/Desktop/bizify/.venv/lib/python3.12/site-packages/sqlalchemy/engine/base.py", line 1967, in _exec_single_context
    self.dialect.do_execute(
  File "/Users/abdallahabdelrhimantar/Desktop/bizify/.venv/lib/python3.12/site-packages/sqlalchemy/engine/default.py", line 952, in do_execute
    cursor.execute(statement, parameters)
sqlalchemy.exc.IntegrityError: (sqlite3.IntegrityError) NOT NULL constraint failed: notifications.message
[SQL: INSERT INTO notifications (id, user_id, title, content, type, status, delivery_status, retry_count, expires_at, created_at) VALUES (?, ?, ?, ?, ?, ?, ?, ?, ?, ?)]
[parameters: ('81d304a931d74c1b93a8c336d394b317', '062a50bfea48432bb0c7fe428d3ef082', 'Test Notification', 'This is a real-time test notification from Bizify!', 'general', 'UNREAD', 'PENDING', 0, None, '2026-03-18 16:16:54.168254')]
(Background on this error at: https://sqlalche.me/e/20/gkpj)
WARNING:  WatchFiles detected changes in 'app/schemas/notification.py'. Reloading...
INFO:     Shutting down
INFO:     Waiting for application shutdown.
INFO:     Application shutdown complete.
INFO:     Finished server process [91913]
INFO:     Started server process [91922]
INFO:     Waiting for application startup.
INFO:     Application startup complete.
WARNING:  WatchFiles detected changes in 'app/api/v1/notifications.py'. Reloading...
INFO:     Shutting down
INFO:     Waiting for application shutdown.
INFO:     Application shutdown complete.
INFO:     Finished server process [91922]
INFO:     Started server process [91928]
INFO:     Waiting for application startup.
INFO:     Application startup complete.
WARNING:  WatchFiles detected changes in 'app/api/v1/notifications.py'. Reloading...
INFO:     Shutting down
INFO:     Waiting for application shutdown.
INFO:     Application shutdown complete.
INFO:     Finished server process [91928]
INFO:     Started server process [91957]
INFO:     Waiting for application startup.
INFO:     Application startup complete.
INFO:     127.0.0.1:49337 - "GET /docs HTTP/1.1" 200 OK
INFO:     127.0.0.1:49337 - "GET /openapi.json HTTP/1.1" 200 OK
WARNING:  WatchFiles detected changes in 'app/models/notification.py'. Reloading...
INFO:     Shutting down
INFO:     Waiting for application shutdown.
INFO:     Application shutdown complete.
INFO:     Finished server process [91957]
INFO:     Started server process [92170]
INFO:     Waiting for application startup.
INFO:     Application startup complete.
WARNING:  WatchFiles detected changes in 'app/services/notification_service.py'. Reloading...
INFO:     Shutting down
INFO:     Waiting for application shutdown.
INFO:     Application shutdown complete.
INFO:     Finished server process [92170]
INFO:     Started server process [92183]
INFO:     Waiting for application startup.
INFO:     Application startup complete.
WARNING:  WatchFiles detected changes in 'app/services/notification_service.py'. Reloading...
INFO:     Shutting down
INFO:     Waiting for application shutdown.
INFO:     Application shutdown complete.
INFO:     Finished server process [92183]
INFO:     Started server process [92266]
INFO:     Waiting for application startup.
INFO:     Application startup complete.
WARNING:  WatchFiles detected changes in 'app/api/v1/notifications.py'. Reloading...
INFO:     Shutting down
INFO:     Waiting for application shutdown.
INFO:     Application shutdown complete.
INFO:     Finished server process [92266]
INFO:     Started server process [92283]
INFO:     Waiting for application startup.
INFO:     Application startup complete.
INFO:     127.0.0.1:49370 - "GET /docs HTTP/1.1" 200 OK
INFO:     127.0.0.1:49370 - "GET /openapi.json HTTP/1.1" 200 OK
INFO:     127.0.0.1:49371 - "GET /docs HTTP/1.1" 200 OK
INFO:     127.0.0.1:49371 - "GET /openapi.json HTTP/1.1" 200 OK
INFO:     127.0.0.1:49380 - "POST /api/v1/auth/login HTTP/1.1" 200 OK
INFO:     127.0.0.1:49389 - "POST /api/v1/notifications/test-notify HTTP/1.1" 201 Created
INFO:     127.0.0.1:49391 - "GET /api/v1/notifications/?skip=0&limit=20 HTTP/1.1" 200 OK
INFO:     127.0.0.1:49392 - "GET /api/v1/notifications/stream HTTP/1.1" 200 OK
INFO:     127.0.0.1:49393 - "POST /api/v1/notifications/test-notify HTTP/1.1" 201 Created
INFO:     127.0.0.1:49393 - "POST /api/v1/notifications/test-notify HTTP/1.1" 201 Created
INFO:     127.0.0.1:49393 - "POST /api/v1/notifications/test-notify HTTP/1.1" 201 Created
INFO:     127.0.0.1:49394 - "POST /api/v1/notifications/test-notify HTTP/1.1" 201 Created
INFO:     127.0.0.1:49395 - "GET /api/v1/notifications/?skip=0&limit=20 HTTP/1.1" 200 OK
INFO:     127.0.0.1:49395 - "GET /api/v1/notifications/?skip=0&limit=20 HTTP/1.1" 200 OK
INFO:     127.0.0.1:49402 - "GET /docs HTTP/1.1" 200 OK
INFO:     127.0.0.1:49402 - "GET /openapi.json HTTP/1.1" 200 OK
INFO:     127.0.0.1:49408 - "POST /api/v1/auth/login HTTP/1.1" 200 OK
INFO:     127.0.0.1:49409 - "GET /api/v1/notifications/stream HTTP/1.1" 200 OK
INFO:     127.0.0.1:49415 - "POST /api/v1/notifications/test-notify HTTP/1.1" 201 Created
INFO:     127.0.0.1:49415 - "POST /api/v1/notifications/test-notify HTTP/1.1" 201 Created
WARNING:  WatchFiles detected changes in 'app/api/v1/notifications.py'. Reloading...
INFO:     Shutting down
INFO:     Waiting for connections to close. (CTRL+C to force quit)
INFO:     Waiting for application shutdown.
INFO:     Application shutdown complete.
INFO:     Finished server process [92283]
WARNING:  WatchFiles detected changes in 'app/api/v1/notifications.py'. Reloading...
INFO:     Started server process [92614]
INFO:     Waiting for application startup.
INFO:     Application startup complete.
INFO:     127.0.0.1:49444 - "GET /docs HTTP/1.1" 200 OK
INFO:     127.0.0.1:49468 - "GET /docs HTTP/1.1" 200 OK
INFO:     127.0.0.1:49468 - "GET /openapi.json HTTP/1.1" 200 OK
INFO:     127.0.0.1:49469 - "GET /docs HTTP/1.1" 200 OK
INFO:     127.0.0.1:49469 - "GET /openapi.json HTTP/1.1" 200 OK
INFO:     127.0.0.1:49470 - "POST /api/v1/auth/login HTTP/1.1" 200 OK
INFO:     127.0.0.1:49472 - "GET /api/v1/notifications/stream HTTP/1.1" 200 OK
INFO:     127.0.0.1:49473 - "POST /api/v1/notifications/test-notify HTTP/1.1" 201 Created
INFO:     127.0.0.1:49473 - "POST /api/v1/notifications/test-notify HTTP/1.1" 201 Created
INFO:     127.0.0.1:49480 - "POST /api/v1/notifications/test-notify HTTP/1.1" 201 Created
INFO:     127.0.0.1:49481 - "POST /api/v1/notifications/test-notify HTTP/1.1" 201 Created
INFO:     127.0.0.1:49494 - "GET /api/v1/notifications/stream HTTP/1.1" 200 OK
INFO:     127.0.0.1:49495 - "POST /api/v1/notifications/test-notify HTTP/1.1" 201 Created
INFO:     127.0.0.1:49495 - "POST /api/v1/notifications/test-notify HTTP/1.1" 201 Created
