2026-02-17 03:17:28,044 - __main__ - INFO - Professional Grade Execution: Entering method
2026-02-17 03:17:28,044 - __main__ - INFO - 🚀 Starting Worker Orchestrator with 3 workers
2026-02-17 03:17:28,051 - __main__ - INFO - ✅ Spawned Worker-1771291048045-0 (PID: 36182)
2026-02-17 03:17:28,558 - __main__ - INFO - ✅ Spawned Worker-1771291048554-1 (PID: 36183)
2026-02-17 03:17:29,068 - __main__ - INFO - ✅ Spawned Worker-1771291049063-2 (PID: 36184)
2026-02-17 03:17:29,575 - __main__ - INFO - 🔍 Starting health monitoring loop
2026-02-17 03:17:29,580 - __main__ - WARNING - Dashboard updater not available: No module named 'autonomous_system'
2026-02-17 03:19:30,973 - __main__ - WARNING - ⚠️ Worker Worker-1771291048045-0 has died (exit code: 1)
2026-02-17 03:19:31,189 - __main__ - INFO - 🔄 Restarting failed worker Worker-1771291048045-0 (attempt 1)
2026-02-17 03:20:01,420 - __main__ - WARNING - ⚠️ Worker Worker-1771291171190 has died (exit code: 1)
2026-02-17 03:20:01,421 - __main__ - INFO - 🔄 Restarting failed worker Worker-1771291171190 (attempt 2)
2026-02-17 03:21:32,220 - __main__ - WARNING - ⚠️ Worker Worker-1771291049063-2 has died (exit code: 1)
2026-02-17 03:21:32,327 - __main__ - INFO - 🔄 Restarting failed worker Worker-1771291049063-2 (attempt 1)
2026-02-17 03:22:02,540 - __main__ - WARNING - ⚠️ Worker Worker-1771291292327 has died (exit code: 1)
2026-02-17 03:22:02,541 - __main__ - INFO - 🔄 Restarting failed worker Worker-1771291292327 (attempt 2)
2026-02-17 03:27:05,982 - __main__ - WARNING - ⚠️ Worker Worker-1771291322541 has died (exit code: 1)
2026-02-17 03:27:06,045 - __main__ - INFO - 🔄 Restarting failed worker Worker-1771291322541 (attempt 3)
2026-02-17 03:28:07,334 - __main__ - WARNING - ⚠️ Worker Worker-1771291201421 has died (exit code: 1)
2026-02-17 03:28:07,443 - __main__ - INFO - 🔄 Restarting failed worker Worker-1771291201421 (attempt 3)
2026-02-17 03:31:09,296 - __main__ - WARNING - ⚠️ Worker Worker-1771291626056 has died (exit code: 1)
2026-02-17 03:31:09,403 - __main__ - ERROR - ❌ Worker Worker-1771291626056 exceeded max restart attempts
2026-02-17 03:31:39,513 - __main__ - WARNING - ⚠️ Worker Worker-1771291626056 has died (exit code: 1)
2026-02-17 03:31:39,619 - __main__ - ERROR - ❌ Worker Worker-1771291626056 exceeded max restart attempts
2026-02-17 03:32:09,731 - __main__ - WARNING - ⚠️ Worker Worker-1771291626056 has died (exit code: 1)
2026-02-17 03:32:09,833 - __main__ - ERROR - ❌ Worker Worker-1771291626056 exceeded max restart attempts
2026-02-17 03:32:39,941 - __main__ - WARNING - ⚠️ Worker Worker-1771291626056 has died (exit code: 1)
2026-02-17 03:32:40,047 - __main__ - ERROR - ❌ Worker Worker-1771291626056 exceeded max restart attempts
2026-02-17 03:33:10,152 - __main__ - WARNING - ⚠️ Worker Worker-1771291626056 has died (exit code: 1)
2026-02-17 03:33:10,255 - __main__ - ERROR - ❌ Worker Worker-1771291626056 exceeded max restart attempts
2026-02-17 03:33:40,366 - __main__ - WARNING - ⚠️ Worker Worker-1771291626056 has died (exit code: 1)
2026-02-17 03:33:40,468 - __main__ - ERROR - ❌ Worker Worker-1771291626056 exceeded max restart attempts
2026-02-17 03:34:10,575 - __main__ - WARNING - ⚠️ Worker Worker-1771291626056 has died (exit code: 1)
2026-02-17 03:34:10,681 - __main__ - ERROR - ❌ Worker Worker-1771291626056 exceeded max restart attempts
2026-02-17 03:34:40,798 - __main__ - WARNING - ⚠️ Worker Worker-1771291626056 has died (exit code: 1)
2026-02-17 03:34:40,902 - __main__ - ERROR - ❌ Worker Worker-1771291626056 exceeded max restart attempts
2026-02-17 03:35:11,013 - __main__ - WARNING - ⚠️ Worker Worker-1771291626056 has died (exit code: 1)
2026-02-17 03:35:11,119 - __main__ - ERROR - ❌ Worker Worker-1771291626056 exceeded max restart attempts
2026-02-17 03:35:41,232 - __main__ - WARNING - ⚠️ Worker Worker-1771291626056 has died (exit code: 1)
2026-02-17 03:35:41,338 - __main__ - ERROR - ❌ Worker Worker-1771291626056 exceeded max restart attempts
2026-02-17 03:36:11,446 - __main__ - WARNING - ⚠️ Worker Worker-1771291626056 has died (exit code: 1)
2026-02-17 03:36:11,553 - __main__ - ERROR - ❌ Worker Worker-1771291626056 exceeded max restart attempts
2026-02-17 03:36:41,670 - __main__ - WARNING - ⚠️ Worker Worker-1771291626056 has died (exit code: 1)
2026-02-17 03:36:41,777 - __main__ - ERROR - ❌ Worker Worker-1771291626056 exceeded max restart attempts
2026-02-17 03:37:11,896 - __main__ - WARNING - ⚠️ Worker Worker-1771291626056 has died (exit code: 1)
2026-02-17 03:37:11,997 - __main__ - ERROR - ❌ Worker Worker-1771291626056 exceeded max restart attempts
2026-02-17 03:37:42,107 - __main__ - WARNING - ⚠️ Worker Worker-1771291626056 has died (exit code: 1)
2026-02-17 03:37:42,210 - __main__ - ERROR - ❌ Worker Worker-1771291626056 exceeded max restart attempts
2026-02-17 03:38:12,338 - __main__ - WARNING - ⚠️ Worker Worker-1771291626056 has died (exit code: 1)
2026-02-17 03:38:12,444 - __main__ - ERROR - ❌ Worker Worker-1771291626056 exceeded max restart attempts
2026-02-17 03:38:42,553 - __main__ - WARNING - ⚠️ Worker Worker-1771291626056 has died (exit code: 1)
2026-02-17 03:38:42,658 - __main__ - ERROR - ❌ Worker Worker-1771291626056 exceeded max restart attempts
2026-02-17 03:39:12,767 - __main__ - WARNING - ⚠️ Worker Worker-1771291626056 has died (exit code: 1)
2026-02-17 03:39:12,874 - __main__ - ERROR - ❌ Worker Worker-1771291626056 exceeded max restart attempts
2026-02-17 03:39:42,988 - __main__ - WARNING - ⚠️ Worker Worker-1771291626056 has died (exit code: 1)
2026-02-17 03:39:43,094 - __main__ - ERROR - ❌ Worker Worker-1771291626056 exceeded max restart attempts
2026-02-17 03:40:13,207 - __main__ - WARNING - ⚠️ Worker Worker-1771291626056 has died (exit code: 1)
2026-02-17 03:40:13,309 - __main__ - ERROR - ❌ Worker Worker-1771291626056 exceeded max restart attempts
2026-02-17 03:40:43,422 - __main__ - WARNING - ⚠️ Worker Worker-1771291626056 has died (exit code: 1)
2026-02-17 03:40:43,528 - __main__ - ERROR - ❌ Worker Worker-1771291626056 exceeded max restart attempts
2026-02-17 03:41:13,641 - __main__ - WARNING - ⚠️ Worker Worker-1771291626056 has died (exit code: 1)
2026-02-17 03:41:13,746 - __main__ - ERROR - ❌ Worker Worker-1771291626056 exceeded max restart attempts
2026-02-17 03:41:44,075 - __main__ - WARNING - ⚠️ Worker Worker-1771291626056 has died (exit code: 1)
2026-02-17 03:41:44,188 - __main__ - ERROR - ❌ Worker Worker-1771291626056 exceeded max restart attempts
2026-02-17 03:42:14,370 - __main__ - WARNING - ⚠️ Worker Worker-1771291626056 has died (exit code: 1)
2026-02-17 03:42:14,476 - __main__ - ERROR - ❌ Worker Worker-1771291626056 exceeded max restart attempts
2026-02-17 03:42:44,585 - __main__ - WARNING - ⚠️ Worker Worker-1771291626056 has died (exit code: 1)
2026-02-17 03:42:44,691 - __main__ - ERROR - ❌ Worker Worker-1771291626056 exceeded max restart attempts
2026-02-17 03:43:14,802 - __main__ - WARNING - ⚠️ Worker Worker-1771291626056 has died (exit code: 1)
2026-02-17 03:43:14,904 - __main__ - ERROR - ❌ Worker Worker-1771291626056 exceeded max restart attempts
2026-02-17 03:43:45,013 - __main__ - WARNING - ⚠️ Worker Worker-1771291626056 has died (exit code: 1)
2026-02-17 03:43:45,119 - __main__ - ERROR - ❌ Worker Worker-1771291626056 exceeded max restart attempts
2026-02-17 03:44:15,232 - __main__ - WARNING - ⚠️ Worker Worker-1771291626056 has died (exit code: 1)
2026-02-17 03:44:15,338 - __main__ - ERROR - ❌ Worker Worker-1771291626056 exceeded max restart attempts
2026-02-17 03:44:45,456 - __main__ - WARNING - ⚠️ Worker Worker-1771291626056 has died (exit code: 1)
2026-02-17 03:44:45,562 - __main__ - ERROR - ❌ Worker Worker-1771291626056 exceeded max restart attempts
2026-02-17 03:45:15,666 - __main__ - WARNING - ⚠️ Worker Worker-1771291626056 has died (exit code: 1)
2026-02-17 03:45:15,772 - __main__ - ERROR - ❌ Worker Worker-1771291626056 exceeded max restart attempts
2026-02-17 03:45:45,884 - __main__ - WARNING - ⚠️ Worker Worker-1771291626056 has died (exit code: 1)
2026-02-17 03:45:45,989 - __main__ - ERROR - ❌ Worker Worker-1771291626056 exceeded max restart attempts
2026-02-17 03:46:16,099 - __main__ - WARNING - ⚠️ Worker Worker-1771291626056 has died (exit code: 1)
2026-02-17 03:46:16,206 - __main__ - ERROR - ❌ Worker Worker-1771291626056 exceeded max restart attempts
2026-02-17 03:46:46,319 - __main__ - WARNING - ⚠️ Worker Worker-1771291626056 has died (exit code: 1)
2026-02-17 03:46:46,422 - __main__ - ERROR - ❌ Worker Worker-1771291626056 exceeded max restart attempts
2026-02-17 03:47:16,532 - __main__ - WARNING - ⚠️ Worker Worker-1771291626056 has died (exit code: 1)
2026-02-17 03:47:16,637 - __main__ - ERROR - ❌ Worker Worker-1771291626056 exceeded max restart attempts
2026-02-17 03:47:46,749 - __main__ - WARNING - ⚠️ Worker Worker-1771291626056 has died (exit code: 1)
2026-02-17 03:47:46,856 - __main__ - ERROR - ❌ Worker Worker-1771291626056 exceeded max restart attempts
2026-02-17 03:48:16,966 - __main__ - WARNING - ⚠️ Worker Worker-1771291626056 has died (exit code: 1)
2026-02-17 03:48:17,071 - __main__ - ERROR - ❌ Worker Worker-1771291626056 exceeded max restart attempts
2026-02-17 03:48:47,183 - __main__ - WARNING - ⚠️ Worker Worker-1771291626056 has died (exit code: 1)
2026-02-17 03:48:47,289 - __main__ - ERROR - ❌ Worker Worker-1771291626056 exceeded max restart attempts
2026-02-17 03:49:17,402 - __main__ - WARNING - ⚠️ Worker Worker-1771291626056 has died (exit code: 1)
2026-02-17 03:49:17,507 - __main__ - ERROR - ❌ Worker Worker-1771291626056 exceeded max restart attempts
2026-02-17 03:49:47,616 - __main__ - WARNING - ⚠️ Worker Worker-1771291626056 has died (exit code: 1)
2026-02-17 03:49:47,718 - __main__ - ERROR - ❌ Worker Worker-1771291626056 exceeded max restart attempts
2026-02-17 03:50:17,828 - __main__ - WARNING - ⚠️ Worker Worker-1771291626056 has died (exit code: 1)
2026-02-17 03:50:17,932 - __main__ - ERROR - ❌ Worker Worker-1771291626056 exceeded max restart attempts
2026-02-17 03:50:48,045 - __main__ - WARNING - ⚠️ Worker Worker-1771291626056 has died (exit code: 1)
2026-02-17 03:50:48,148 - __main__ - ERROR - ❌ Worker Worker-1771291626056 exceeded max restart attempts
2026-02-17 03:51:18,262 - __main__ - WARNING - ⚠️ Worker Worker-1771291626056 has died (exit code: 1)
2026-02-17 03:51:18,368 - __main__ - ERROR - ❌ Worker Worker-1771291626056 exceeded max restart attempts
2026-02-17 03:51:48,484 - __main__ - WARNING - ⚠️ Worker Worker-1771291626056 has died (exit code: 1)
2026-02-17 03:51:48,589 - __main__ - ERROR - ❌ Worker Worker-1771291626056 exceeded max restart attempts
2026-02-17 03:52:18,717 - __main__ - WARNING - ⚠️ Worker Worker-1771291626056 has died (exit code: 1)
2026-02-17 03:52:18,823 - __main__ - ERROR - ❌ Worker Worker-1771291626056 exceeded max restart attempts
2026-02-17 03:52:48,931 - __main__ - WARNING - ⚠️ Worker Worker-1771291626056 has died (exit code: 1)
2026-02-17 03:52:49,033 - __main__ - ERROR - ❌ Worker Worker-1771291626056 exceeded max restart attempts
2026-02-17 03:53:19,146 - __main__ - WARNING - ⚠️ Worker Worker-1771291626056 has died (exit code: 1)
2026-02-17 03:53:19,250 - __main__ - ERROR - ❌ Worker Worker-1771291626056 exceeded max restart attempts
2026-02-17 03:53:49,360 - __main__ - WARNING - ⚠️ Worker Worker-1771291626056 has died (exit code: 1)
2026-02-17 03:53:49,466 - __main__ - ERROR - ❌ Worker Worker-1771291626056 exceeded max restart attempts
2026-02-17 03:54:19,584 - __main__ - WARNING - ⚠️ Worker Worker-1771291626056 has died (exit code: 1)
2026-02-17 03:54:19,691 - __main__ - ERROR - ❌ Worker Worker-1771291626056 exceeded max restart attempts
2026-02-17 03:54:49,810 - __main__ - WARNING - ⚠️ Worker Worker-1771291048554-1 unhealthy (no heartbeat for 128s)
2026-02-17 03:54:49,810 - __main__ - WARNING - ⚠️ Worker Worker-1771291626056 has died (exit code: 1)
2026-02-17 03:54:49,915 - __main__ - WARNING - ⚠️ Worker Worker-1771291687444 unhealthy (no heartbeat for 129s)
2026-02-17 03:54:49,915 - __main__ - ERROR - ❌ Worker Worker-1771291626056 exceeded max restart attempts
2026-02-17 03:55:20,048 - __main__ - WARNING - ⚠️ Worker Worker-1771291048554-1 unhealthy (no heartbeat for 158s)
2026-02-17 03:55:20,051 - __main__ - WARNING - ⚠️ Worker Worker-1771291626056 has died (exit code: 1)
2026-02-17 03:55:20,152 - __main__ - WARNING - ⚠️ Worker Worker-1771291687444 unhealthy (no heartbeat for 159s)
2026-02-17 03:55:20,153 - __main__ - ERROR - ❌ Worker Worker-1771291626056 exceeded max restart attempts
2026-02-17 03:55:50,263 - __main__ - WARNING - ⚠️ Worker Worker-1771291048554-1 unhealthy (no heartbeat for 188s)
2026-02-17 03:55:50,264 - __main__ - WARNING - ⚠️ Worker Worker-1771291626056 has died (exit code: 1)
2026-02-17 03:55:50,367 - __main__ - WARNING - ⚠️ Worker Worker-1771291687444 unhealthy (no heartbeat for 189s)
2026-02-17 03:55:50,367 - __main__ - ERROR - ❌ Worker Worker-1771291626056 exceeded max restart attempts
2026-02-17 03:56:20,476 - __main__ - WARNING - ⚠️ Worker Worker-1771291048554-1 unhealthy (no heartbeat for 218s)
2026-02-17 03:56:20,477 - __main__ - WARNING - ⚠️ Worker Worker-1771291626056 has died (exit code: 1)
2026-02-17 03:56:20,579 - __main__ - WARNING - ⚠️ Worker Worker-1771291687444 unhealthy (no heartbeat for 219s)
2026-02-17 03:56:20,580 - __main__ - ERROR - ❌ Worker Worker-1771291626056 exceeded max restart attempts
2026-02-17 03:56:50,693 - __main__ - WARNING - ⚠️ Worker Worker-1771291048554-1 unhealthy (no heartbeat for 249s)
2026-02-17 03:56:50,695 - __main__ - WARNING - ⚠️ Worker Worker-1771291626056 has died (exit code: 1)
2026-02-17 03:56:50,797 - __main__ - WARNING - ⚠️ Worker Worker-1771291687444 unhealthy (no heartbeat for 250s)
2026-02-17 03:56:50,797 - __main__ - ERROR - ❌ Worker Worker-1771291626056 exceeded max restart attempts
2026-02-17 03:57:20,908 - __main__ - WARNING - ⚠️ Worker Worker-1771291048554-1 unhealthy (no heartbeat for 279s)
2026-02-17 03:57:20,909 - __main__ - WARNING - ⚠️ Worker Worker-1771291626056 has died (exit code: 1)
2026-02-17 03:57:21,014 - __main__ - WARNING - ⚠️ Worker Worker-1771291687444 unhealthy (no heartbeat for 280s)
2026-02-17 03:57:21,014 - __main__ - ERROR - ❌ Worker Worker-1771291626056 exceeded max restart attempts
2026-02-17 03:57:51,146 - __main__ - WARNING - ⚠️ Worker Worker-1771291048554-1 unhealthy (no heartbeat for 309s)
2026-02-17 03:57:51,148 - __main__ - WARNING - ⚠️ Worker Worker-1771291626056 has died (exit code: 1)
2026-02-17 03:57:51,250 - __main__ - WARNING - ⚠️ Worker Worker-1771291687444 unhealthy (no heartbeat for 310s)
2026-02-17 03:57:51,251 - __main__ - ERROR - ❌ Worker Worker-1771291626056 exceeded max restart attempts
2026-02-17 03:58:21,365 - __main__ - WARNING - ⚠️ Worker Worker-1771291048554-1 unhealthy (no heartbeat for 339s)
2026-02-17 03:58:21,366 - __main__ - WARNING - ⚠️ Worker Worker-1771291626056 has died (exit code: 1)
2026-02-17 03:58:21,471 - __main__ - WARNING - ⚠️ Worker Worker-1771291687444 unhealthy (no heartbeat for 340s)
2026-02-17 03:58:21,472 - __main__ - ERROR - ❌ Worker Worker-1771291626056 exceeded max restart attempts
2026-02-17 03:58:51,584 - __main__ - WARNING - ⚠️ Worker Worker-1771291048554-1 unhealthy (no heartbeat for 369s)
2026-02-17 03:58:51,584 - __main__ - WARNING - ⚠️ Worker Worker-1771291626056 has died (exit code: 1)
2026-02-17 03:58:51,689 - __main__ - WARNING - ⚠️ Worker Worker-1771291687444 unhealthy (no heartbeat for 370s)
2026-02-17 03:58:51,689 - __main__ - ERROR - ❌ Worker Worker-1771291626056 exceeded max restart attempts
2026-02-17 03:59:21,804 - __main__ - WARNING - ⚠️ Worker Worker-1771291048554-1 unhealthy (no heartbeat for 400s)
2026-02-17 03:59:21,811 - __main__ - WARNING - ⚠️ Worker Worker-1771291626056 has died (exit code: 1)
2026-02-17 03:59:21,916 - __main__ - WARNING - ⚠️ Worker Worker-1771291687444 unhealthy (no heartbeat for 401s)
2026-02-17 03:59:21,916 - __main__ - ERROR - ❌ Worker Worker-1771291626056 exceeded max restart attempts
2026-02-17 03:59:52,062 - __main__ - WARNING - ⚠️ Worker Worker-1771291048554-1 unhealthy (no heartbeat for 430s)
2026-02-17 03:59:52,068 - __main__ - WARNING - ⚠️ Worker Worker-1771291626056 has died (exit code: 1)
2026-02-17 03:59:52,171 - __main__ - WARNING - ⚠️ Worker Worker-1771291687444 unhealthy (no heartbeat for 431s)
2026-02-17 03:59:52,172 - __main__ - ERROR - ❌ Worker Worker-1771291626056 exceeded max restart attempts
2026-02-17 04:00:22,290 - __main__ - WARNING - ⚠️ Worker Worker-1771291048554-1 unhealthy (no heartbeat for 460s)
2026-02-17 04:00:22,291 - __main__ - WARNING - ⚠️ Worker Worker-1771291626056 has died (exit code: 1)
2026-02-17 04:00:22,396 - __main__ - WARNING - ⚠️ Worker Worker-1771291687444 unhealthy (no heartbeat for 461s)
2026-02-17 04:00:22,397 - __main__ - ERROR - ❌ Worker Worker-1771291626056 exceeded max restart attempts
2026-02-17 04:00:52,514 - __main__ - WARNING - ⚠️ Worker Worker-1771291048554-1 unhealthy (no heartbeat for 490s)
2026-02-17 04:00:52,515 - __main__ - WARNING - ⚠️ Worker Worker-1771291626056 has died (exit code: 1)
2026-02-17 04:00:52,619 - __main__ - WARNING - ⚠️ Worker Worker-1771291687444 unhealthy (no heartbeat for 491s)
2026-02-17 04:00:52,619 - __main__ - ERROR - ❌ Worker Worker-1771291626056 exceeded max restart attempts
2026-02-17 04:01:22,734 - __main__ - WARNING - ⚠️ Worker Worker-1771291048554-1 unhealthy (no heartbeat for 521s)
2026-02-17 04:01:22,735 - __main__ - WARNING - ⚠️ Worker Worker-1771291626056 has died (exit code: 1)
2026-02-17 04:01:22,839 - __main__ - WARNING - ⚠️ Worker Worker-1771291687444 unhealthy (no heartbeat for 522s)
2026-02-17 04:01:22,840 - __main__ - ERROR - ❌ Worker Worker-1771291626056 exceeded max restart attempts
2026-02-17 04:01:52,954 - __main__ - WARNING - ⚠️ Worker Worker-1771291048554-1 unhealthy (no heartbeat for 551s)
2026-02-17 04:01:52,955 - __main__ - WARNING - ⚠️ Worker Worker-1771291626056 has died (exit code: 1)
2026-02-17 04:01:53,060 - __main__ - WARNING - ⚠️ Worker Worker-1771291687444 unhealthy (no heartbeat for 552s)
2026-02-17 04:01:53,061 - __main__ - ERROR - ❌ Worker Worker-1771291626056 exceeded max restart attempts
2026-02-17 04:02:23,175 - __main__ - WARNING - ⚠️ Worker Worker-1771291048554-1 unhealthy (no heartbeat for 581s)
2026-02-17 04:02:23,175 - __main__ - WARNING - ⚠️ Worker Worker-1771291626056 has died (exit code: 1)
2026-02-17 04:02:23,276 - __main__ - WARNING - ⚠️ Worker Worker-1771291687444 unhealthy (no heartbeat for 582s)
2026-02-17 04:02:23,276 - __main__ - ERROR - ❌ Worker Worker-1771291626056 exceeded max restart attempts
2026-02-17 04:02:53,597 - __main__ - WARNING - ⚠️ Worker Worker-1771291048554-1 unhealthy (no heartbeat for 612s)
2026-02-17 04:02:53,599 - __main__ - WARNING - ⚠️ Worker Worker-1771291626056 has died (exit code: 1)
2026-02-17 04:02:53,701 - __main__ - WARNING - ⚠️ Worker Worker-1771291687444 unhealthy (no heartbeat for 612s)
2026-02-17 04:02:53,710 - __main__ - ERROR - ❌ Worker Worker-1771291626056 exceeded max restart attempts
2026-02-17 04:03:23,887 - __main__ - WARNING - ⚠️ Worker Worker-1771291048554-1 unhealthy (no heartbeat for 642s)
2026-02-17 04:03:23,888 - __main__ - WARNING - ⚠️ Worker Worker-1771291626056 has died (exit code: 1)
2026-02-17 04:03:23,989 - __main__ - WARNING - ⚠️ Worker Worker-1771291687444 unhealthy (no heartbeat for 643s)
2026-02-17 04:03:23,990 - __main__ - ERROR - ❌ Worker Worker-1771291626056 exceeded max restart attempts
2026-02-17 04:03:54,129 - __main__ - WARNING - ⚠️ Worker Worker-1771291048554-1 unhealthy (no heartbeat for 672s)
2026-02-17 04:03:54,138 - __main__ - WARNING - ⚠️ Worker Worker-1771291626056 has died (exit code: 1)
2026-02-17 04:03:54,241 - __main__ - WARNING - ⚠️ Worker Worker-1771291687444 unhealthy (no heartbeat for 673s)
2026-02-17 04:03:54,241 - __main__ - ERROR - ❌ Worker Worker-1771291626056 exceeded max restart attempts
2026-02-17 04:04:19,025 - __main__ - INFO - Received signal 15
2026-02-17 04:04:19,091 - __main__ - INFO - 🛑 Shutting down orchestrator (graceful)
2026-02-17 04:04:19,128 - __main__ - INFO - Sent SIGTERM to Worker-1771291048554-1
2026-02-17 04:04:19,259 - __main__ - INFO - Sent SIGTERM to Worker-1771291626056
2026-02-17 04:04:19,259 - __main__ - INFO - Sent SIGTERM to Worker-1771291687444
2026-02-17 04:04:19,392 - __main__ - INFO - ✅ Orchestrator shutdown complete
